[2026-06-29 07:18:21] === Auto-update iniziado ===
[2026-06-29 07:18:21] Scheduler iniciado — actualización inmediata + diaria a las 06:30
[2026-06-29 07:21:13] Scheduler iniciado — actualización inmediata + diaria a las 06:30
[2026-06-29 07:21:13] === Auto-update iniziado ===
[2026-06-29 07:37:07] Scheduler iniciado — actualización inmediata + diaria a las 06:30
[2026-06-29 07:37:07] === Auto-update iniciado ===
[2026-06-29 07:37:40] ❌ Error en auto-update: '>' not supported between instances of 'datetime.date' and 'str'
[2026-06-29 07:51:54] Scheduler iniciado — actualización inmediata + diaria a las 06:30
[2026-06-29 07:51:54] === Auto-update iniciado ===
[2026-06-29 07:52:28]   Pick 3: 0 nuevos registros
[2026-06-29 07:53:03]   Pick 4: 0 nuevos registros
[2026-06-29 07:53:03] [OK] Auto-update completado. Total nuevos: 0
[2026-06-29 08:04:41] === Auto-update iniciado ===
[2026-06-29 08:04:41] Scheduler iniciado — actualización inmediata + diaria a las 06:30
[2026-06-29 08:08:27] Scheduler iniciado — actualización inmediata + diaria a las 06:30
[2026-06-29 08:08:27] === Auto-update iniciado ===
[2026-06-29 08:08:56]   Pick 3: 0 nuevos registros
[2026-06-29 08:09:30]   Pick 4: 0 nuevos registros
[2026-06-29 08:09:30]   Actualizando posible_salir...
[2026-06-29 08:09:35]     Pick 3 E: 10 numeros guardados
[2026-06-29 08:09:37]     Pick 3 M: 10 numeros guardados
[2026-06-29 08:09:39]     Pick 4 E: 10 numeros guardados
[2026-06-29 08:09:41]     Pick 4 M: 10 numeros guardados
[2026-06-29 08:09:41]   [OK] posible_salir actualizado
[2026-06-29 08:09:41] [OK] Auto-update completado. Total nuevos: 0
[2026-06-29 08:33:54] === Auto-update iniciado ===
[2026-06-29 08:33:54] Scheduler iniciado — actualización inmediata + diaria a las 06:30
[2026-06-29 08:34:31] Scheduler iniciado — actualización inmediata + diaria a las 06:30
[2026-06-29 08:34:31] === Auto-update iniciado ===
[2026-06-29 08:35:04]   Pick 3: 0 nuevos registros
[2026-06-29 08:38:38] === Auto-update iniciado ===
[2026-06-29 08:38:38] Scheduler iniciado — actualización inmediata + diaria a las 06:30
[2026-06-29 08:39:29] Scheduler iniciado — actualización inmediata + diaria a las 06:30
[2026-06-29 08:39:29] === Auto-update iniciado ===
[2026-06-29 08:40:05]   Pick 3: 0 nuevos registros
[2026-06-29 08:40:40] Scheduler iniciado — actualización inmediata + diaria a las 06:30
[2026-06-29 08:40:40] === Auto-update iniciado ===
[2026-06-29 08:41:14]   Pick 3: 0 nuevos registros
[2026-06-29 09:52:16] === Auto-update iniciado ===
[2026-06-29 09:52:16] Scheduler iniciado — actualización inmediata + diaria a las 06:30
[2026-06-29 09:52:53]   Pick 3: 0 nuevos registros
[2026-06-29 09:54:20] Scheduler iniciado — actualización inmediata + diaria a las 06:30
[2026-06-29 09:54:20] === Auto-update iniciado ===
[2026-06-29 09:54:55]   Pick 3: 0 nuevos registros
[2026-06-29 09:55:37]   Pick 4: 0 nuevos registros
[2026-06-29 09:55:37]   Actualizando posible_salir...
[2026-06-29 09:55:48]     Pick 3 E: 10 numeros guardados
[2026-06-29 09:55:53]     Pick 3 M: 10 numeros guardados
[2026-06-29 09:55:58]     Pick 4 E: 10 numeros guardados
[2026-06-29 09:56:02]     Pick 4 M: 10 numeros guardados
[2026-06-29 09:56:02]   [OK] posible_salir actualizado
[2026-06-29 09:56:02] [OK] Auto-update completado. Total nuevos: 0
[2026-06-29 10:20:00] Scheduler iniciado — actualización inmediata + diaria a las 06:30
[2026-06-29 10:20:00] === Auto-update iniciado ===
[2026-06-29 10:20:37]   Pick 3: 0 nuevos registros
[2026-06-29 10:21:12]   Pick 4: 0 nuevos registros
[2026-06-29 10:21:12]   Actualizando posible_salir...
[2026-06-29 10:21:22]     Pick 3 E: 10 numeros guardados
[2026-06-29 10:21:26]     Pick 3 M: 10 numeros guardados
[2026-06-29 10:21:30]     Pick 4 E: 10 numeros guardados
[2026-06-29 10:21:34]     Pick 4 M: 10 numeros guardados
[2026-06-29 10:21:34]   [OK] posible_salir actualizado
[2026-06-29 10:21:34] [OK] Auto-update completado. Total nuevos: 0
[2026-06-29 12:10:23] Scheduler iniciado — actualización inmediata + diaria a las 06:30
[2026-06-29 12:10:23] === Auto-update iniciado ===
[2026-06-29 12:10:27] Scheduler iniciado — actualización inmediata + diaria a las 06:30
[2026-06-29 12:10:27] === Auto-update iniciado ===
[2026-06-29 12:11:27]   Pick 3: 0 nuevos registros
[2026-06-29 12:11:27]   Pick 3: 0 nuevos registros
[2026-06-29 12:11:56] Scheduler iniciado — actualización inmediata + diaria a las 06:30
[2026-06-29 12:11:56] === Auto-update iniciado ===
[2026-06-29 12:12:25]   Pick 4: 0 nuevos registros
[2026-06-29 12:12:25]   Actualizando posible_salir...
[2026-06-29 12:12:25]   Pick 4: 0 nuevos registros
[2026-06-29 12:12:25]   Actualizando posible_salir...
[2026-06-29 12:12:42]   Pick 3: 0 nuevos registros
[2026-06-29 12:13:27]     [ERROR] Pick 3 E: No module named 'sklearn'
[2026-06-29 12:13:27]     [ERROR] Pick 3 E: No module named 'sklearn'
[2026-06-29 12:13:31]     [ERROR] Pick 3 M: No module named 'sklearn'
[2026-06-29 12:13:31]     [ERROR] Pick 3 M: No module named 'sklearn'
[2026-06-29 12:13:33]     [ERROR] Pick 4 E: No module named 'sklearn'
[2026-06-29 12:13:33]     [ERROR] Pick 4 E: No module named 'sklearn'
[2026-06-29 12:13:35]     [ERROR] Pick 4 M: No module named 'sklearn'
[2026-06-29 12:13:35]   [OK] posible_salir actualizado
[2026-06-29 12:13:35] [OK] Auto-update completado. Total nuevos: 0
[2026-06-29 12:13:35]     [ERROR] Pick 4 M: No module named 'sklearn'
[2026-06-29 12:13:35]   [OK] posible_salir actualizado
[2026-06-29 12:13:35] [OK] Auto-update completado. Total nuevos: 0
[2026-06-29 12:13:46]   Pick 4: 0 nuevos registros
[2026-06-29 12:13:46]   Actualizando posible_salir...
[2026-06-29 12:14:32]     Pick 3 E: 10 numeros guardados
[2026-06-29 12:14:36]     Pick 3 M: 10 numeros guardados
[2026-06-29 12:14:42]     Pick 4 E: 10 numeros guardados
[2026-06-29 12:14:47]     Pick 4 M: 10 numeros guardados
[2026-06-29 12:14:47]   [OK] posible_salir actualizado
[2026-06-29 12:14:47] [OK] Auto-update completado. Total nuevos: 0
[2026-06-29 13:51:43] Scheduler iniciado — actualización inmediata + diaria a las 06:30
[2026-06-29 13:51:43] === Auto-update iniciado ===
[2026-06-29 13:52:16]   Pick 3: 0 nuevos registros
[2026-06-29 13:52:52]   Pick 4: 0 nuevos registros
[2026-06-29 13:52:52]   Actualizando posible_salir...
[2026-06-29 13:53:54]     Pick 3 E: 10 numeros guardados
[2026-06-29 13:53:57]     Pick 3 M: 10 numeros guardados
[2026-06-29 13:54:01]     Pick 4 E: 10 numeros guardados
[2026-06-29 13:54:04]     Pick 4 M: 10 numeros guardados
[2026-06-29 13:54:04]   [OK] posible_salir actualizado
[2026-06-29 13:54:04] [OK] Auto-update completado. Total nuevos: 0
[2026-06-29 14:27:55] Scheduler iniciado — actualización inmediata + diaria a las 06:30
[2026-06-29 14:27:55] === Auto-update iniciado ===
[2026-06-29 14:28:27]   Pick 3: 0 nuevos registros
[2026-06-29 14:29:04]   Pick 4: 0 nuevos registros
[2026-06-29 14:29:04]   Actualizando posible_salir...
[2026-06-29 14:30:14]     Pick 3 E: 10 numeros guardados
[2026-06-29 14:30:18]     Pick 3 M: 10 numeros guardados
[2026-06-29 14:30:21]     Pick 4 E: 10 numeros guardados
[2026-06-29 14:30:24]     Pick 4 M: 10 numeros guardados
[2026-06-29 14:30:24]   [OK] posible_salir actualizado
[2026-06-29 14:30:24] [OK] Auto-update completado. Total nuevos: 0
[2026-06-29 14:48:40] Scheduler iniciado — actualización inmediata + diaria a las 06:30
[2026-06-29 14:48:40] === Auto-update iniciado ===
[2026-06-29 14:49:19]   Pick 3: 0 nuevos registros
[2026-06-29 14:50:07]   Pick 4: 0 nuevos registros
[2026-06-29 14:50:07]   Actualizando posible_salir...
[2026-06-29 14:50:51]     [ERROR] Pick 3 E: No module named 'sklearn'
[2026-06-29 14:50:54]     [ERROR] Pick 3 M: No module named 'sklearn'
[2026-06-29 14:50:56]     [ERROR] Pick 4 E: No module named 'sklearn'
[2026-06-29 14:50:58]     [ERROR] Pick 4 M: No module named 'sklearn'
[2026-06-29 14:50:58]   [OK] posible_salir actualizado
[2026-06-29 14:50:58] [OK] Auto-update completado. Total nuevos: 0
[2026-06-29 15:00:43] === Auto-update iniciado ===
[2026-06-29 15:00:43] Scheduler iniciado — actualización inmediata + diaria a las 06:30
[2026-06-29 15:01:17]   Pick 3: 0 nuevos registros
[2026-06-29 15:01:55]   Pick 4: 0 nuevos registros
[2026-06-29 15:01:55]   Actualizando posible_salir...
[2026-06-29 15:02:22]     Pick 3 E: 10 numeros guardados
[2026-06-29 15:02:25]     Pick 3 M: 10 numeros guardados
[2026-06-29 15:02:29]     Pick 4 E: 10 numeros guardados
[2026-06-29 15:02:34]     Pick 4 M: 10 numeros guardados
[2026-06-29 15:02:34]   [OK] posible_salir actualizado
[2026-06-29 15:02:34] [OK] Auto-update completado. Total nuevos: 0
[2026-06-29 15:58:10] === Auto-update iniciado ===
zación inmediata + diaria a las 06:30
[2026-06-29 15:59:01] === Auto-update iniciado ===
[2026-06-29 15:59:01] Scheduler iniciado — actualización inmediata + diaria a las 06:30
[2026-06-29 15:59:40]   Pick 3: 0 nuevos registros
[2026-06-29 16:00:25]   Pick 4: 0 nuevos registros
[2026-06-29 16:00:25]   Actualizando posible_salir...
[2026-06-29 16:00:52]     Pick 3 E: 10 numeros guardados
[2026-06-29 16:00:56]     Pick 3 M: 10 numeros guardados
[2026-06-29 16:00:59]     Pick 4 E: 10 numeros guardados
[2026-06-29 16:01:02]     Pick 4 M: 10 numeros guardados
[2026-06-29 16:01:02]   [OK] posible_salir actualizado
[2026-06-29 16:01:02] [OK] Auto-update completado. Total nuevos: 0
[2026-06-29 16:01:51] Scheduler iniciado — actualización inmediata + diaria a las 06:30
[2026-06-29 16:01:51] === Auto-update iniciado ===
[2026-06-29 16:02:25]   Pick 3: 0 nuevos registros
[2026-06-29 16:03:03]   Pick 4: 0 nuevos registros
[2026-06-29 16:03:03]   Actualizando posible_salir...
[2026-06-29 16:03:34]     Pick 3 E: 10 numeros guardados
[2026-06-29 16:03:37]     Pick 3 M: 10 numeros guardados
[2026-06-29 16:03:41]     Pick 4 E: 10 numeros guardados
[2026-06-29 16:03:44]     Pick 4 M: 10 numeros guardados
[2026-06-29 16:03:44]   [OK] posible_salir actualizado
[2026-06-29 16:03:44] [OK] Auto-update completado. Total nuevos: 0
[2026-06-29 16:14:52] Scheduler iniciado — actualización inmediata + diaria a las 06:30
[2026-06-29 16:14:52] === Auto-update iniciado ===
[2026-06-29 16:15:35] Scheduler iniciado — actualización inmediata + diaria a las 06:30
[2026-06-29 16:15:35] === Auto-update iniciado ===
[2026-06-29 16:16:23] Scheduler iniciado — actualización inmediata + diaria a las 06:30
[2026-06-29 16:17:01]   Pick 3: 0 nuevos registros
[2026-06-29 16:17:42]   Pick 4: 0 nuevos registros
[2026-06-29 16:17:42]   Actualizando posible_salir...
[2026-06-29 16:18:00]     Pick 3 E: 10 numeros guardados
[2026-06-29 16:18:02]     Pick 3 M: 10 numeros guardados
[2026-06-29 16:18:05]     Pick 4 E: 10 numeros guardados
[2026-06-29 16:18:08]     Pick 4 M: 10 numeros guardados
[2026-06-29 16:18:08]   [OK] posible_salir actualizado
[2026-06-29 16:18:08] [OK] Auto-update completado. Total nuevos: 0
[2026-06-29 16:19:21] Scheduler iniciado — actualización inmediata + diaria a las 06:30
[2026-06-29 16:19:21] === Auto-update iniciado ===
[2026-06-29 16:20:46] Scheduler iniciado — actualización inmediata + diaria a las 06:30
[2026-06-29 16:20:46] === Auto-update iniciado ===
[2026-06-29 16:21:21]   Pick 3: 0 nuevos registros
[2026-06-29 16:22:02]   Pick 4: 0 nuevos registros
[2026-06-29 16:22:02]   Actualizando posible_salir...
[2026-06-29 16:22:10]     Pick 3 E: 10 numeros guardados
[2026-06-29 16:22:13]     Pick 3 M: 10 numeros guardados
[2026-06-29 16:22:16]     Pick 4 E: 10 numeros guardados
[2026-06-29 16:22:18]     Pick 4 M: 10 numeros guardados
[2026-06-29 16:22:18]   [OK] posible_salir actualizado
[2026-06-29 16:22:18] [OK] Auto-update completado. Total nuevos: 0
[2026-06-29 16:25:20] Scheduler iniciado — actualización inmediata + diaria a las 06:30
[2026-06-29 16:29:29] Scheduler iniciado — actualización inmediata + diaria a las 06:30
[2026-06-29 16:29:29] === Auto-update iniciado ===
[2026-06-29 16:30:27]   Pick 3: 0 nuevos registros
[2026-06-29 16:31:42]   Pick 4: 0 nuevos registros
[2026-06-29 16:31:42]   Actualizando posible_salir...
[2026-06-29 16:31:59]     Pick 3 E: 10 numeros guardados
[2026-06-29 16:32:05]     Pick 3 M: 10 numeros guardados
[2026-06-29 16:32:11]     Pick 4 E: 10 numeros guardados
[2026-06-29 16:32:18]     Pick 4 M: 10 numeros guardados
[2026-06-29 16:32:18]   [OK] posible_salir actualizado
[2026-06-29 16:32:18] [OK] Auto-update completado. Total nuevos: 0
[2026-06-29 17:19:56] === Auto-update iniciado ===
zación inmediata + diaria a las 06:30
[2026-06-29 17:20:35]   Pick 3: 0 nuevos registros
[2026-06-29 17:21:22]   Pick 4: 0 nuevos registros
[2026-06-29 17:21:22]   Actualizando posible_salir...
[2026-06-29 17:22:00]     Pick 3 E: 10 numeros guardados
[2026-06-29 17:22:02]     Pick 3 M: 10 numeros guardados
[2026-06-29 17:22:05]     Pick 4 E: 10 numeros guardados
[2026-06-29 17:22:07]     Pick 4 M: 10 numeros guardados
[2026-06-29 17:22:07]   [OK] posible_salir actualizado
[2026-06-29 17:22:07] [OK] Auto-update completado. Total nuevos: 0
[2026-06-29 17:25:54] Scheduler iniciado — actualización inmediata + diaria a las 06:30
[2026-06-29 17:25:54] === Auto-update iniciado ===
[2026-06-29 17:26:36]   Pick 3: 0 nuevos registros
[2026-06-29 17:27:44]   Pick 4: 0 nuevos registros
[2026-06-29 17:27:44]   Actualizando posible_salir...
[2026-06-29 17:28:22]     Pick 3 E: 10 numeros guardados
[2026-06-29 17:28:29]     Pick 3 M: 10 numeros guardados
[2026-06-29 17:28:35]     Pick 4 E: 10 numeros guardados
[2026-06-29 17:28:41]     Pick 4 M: 10 numeros guardados
[2026-06-29 17:28:41]   [OK] posible_salir actualizado
[2026-06-29 17:28:41] [OK] Auto-update completado. Total nuevos: 0
[2026-06-29 18:34:35] Scheduler iniciado — actualización inmediata + diaria a las 06:30
[2026-06-29 18:34:35] === Auto-update iniciado ===
[2026-06-29 18:35:43]   Pick 3: 0 nuevos registros
[2026-06-29 18:36:36]   Pick 4: 0 nuevos registros
[2026-06-29 18:36:36]   Actualizando posible_salir...
[2026-06-29 18:40:49]     Pick 3 E: 10 numeros guardados
[2026-06-29 18:40:56]     Pick 3 M: 10 numeros guardados
[2026-06-29 18:41:05]     Pick 4 E: 10 numeros guardados
[2026-06-29 18:41:12]     Pick 4 M: 10 numeros guardados
[2026-06-29 18:41:12]   [OK] posible_salir actualizado
[2026-06-29 18:41:12] [OK] Auto-update completado. Total nuevos: 0
[2026-07-01 08:11:38] Scheduler iniciado — actualización inmediata + diaria a las 06:30
[2026-07-01 08:12:14]   Pick 3: 0 nuevos registros
[2026-07-01 08:12:55]   Pick 4: 0 nuevos registros
[2026-07-01 08:12:55]   Actualizando posible_salir...
[2026-07-01 08:14:31]     Pick 3 E: 10 numeros guardados
[2026-07-01 08:14:34]     Pick 3 M: 10 numeros guardados
[2026-07-01 08:14:37]     Pick 4 E: 10 numeros guardados
[2026-07-01 08:14:41]     Pick 4 M: 10 numeros guardados
[2026-07-01 08:14:41]   [OK] posible_salir actualizado
[2026-07-01 08:14:41] [OK] Auto-update completado. Total nuevos: 0
[2026-07-01 08:56:50] Scheduler iniciado — actualización inmediata + diaria a las 06:30
[2026-07-01 08:56:50] === Auto-update iniciado ===
[2026-07-01 08:57:24]   Pick 3: 0 nuevos registros
[2026-07-01 08:58:00]   Pick 4: 0 nuevos registros
[2026-07-01 08:58:00]   Actualizando posible_salir...
[2026-07-01 08:58:52]     Pick 3 E: 10 numeros guardados
[2026-07-01 08:58:55]     Pick 3 M: 10 numeros guardados
[2026-07-01 08:58:58]     Pick 4 E: 10 numeros guardados
[2026-07-01 08:59:02]     Pick 4 M: 10 numeros guardados
[2026-07-01 08:59:02]   [OK] posible_salir actualizado
[2026-07-01 08:59:02] [OK] Auto-update completado. Total nuevos: 0
[2026-07-01 10:23:17] Scheduler iniciado — actualización inmediata + diaria a las 06:00, 12:00, 18:00, 23:00
[2026-07-01 10:23:17] === Auto-update iniciado ===
[2026-07-01 10:23:50]   Pick 3: 0 nuevos registros
[2026-07-01 10:24:28]   Pick 4: 0 nuevos registros
[2026-07-01 10:24:28]   Actualizando posible_salir...
[2026-07-01 10:25:55]     Pick 3 E: 10 numeros guardados
[2026-07-01 10:26:06]     Pick 3 M: 10 numeros guardados
[2026-07-01 10:26:09]     Pick 4 E: 10 numeros guardados
[2026-07-01 10:26:13]     Pick 4 M: 10 numeros guardados
[2026-07-01 10:26:13]   [OK] posible_salir actualizado
[2026-07-01 10:26:13] [OK] Auto-update completado. Total nuevos: 0
[2026-07-01 10:28:35] === Auto-update iniciado ===
[2026-07-01 10:28:35] Scheduler iniciado — actualización inmediata + diaria a las 06:00, 12:00, 18:00, 23:00
[2026-07-01 10:29:07]   Pick 3: 4 nuevos registros
[2026-07-01 10:29:49]   Pick 4: 4 nuevos registros
[2026-07-01 10:29:49]   Actualizando posible_salir...
[2026-07-01 10:30:00]     Pick 3 E: 10 numeros guardados
[2026-07-01 10:30:05]     Pick 3 M: 10 numeros guardados
[2026-07-01 10:30:08]     Pick 4 E: 10 numeros guardados
[2026-07-01 10:30:12]     Pick 4 M: 10 numeros guardados
[2026-07-01 10:30:12]   [OK] posible_salir actualizado
[2026-07-01 10:30:12] [OK] Auto-update completado. Total nuevos: 8
[2026-07-01 11:18:11] Scheduler iniciado — actualización inmediata + diaria a las 06:00, 12:00, 18:00, 23:00
[2026-07-01 11:18:11] === Auto-update iniciado ===
[2026-07-01 11:18:48]   Pick 3: 0 nuevos registros
[2026-07-01 11:19:28]   Pick 4: 0 nuevos registros
[2026-07-01 11:19:28]   Actualizando posible_salir...
[2026-07-01 11:19:36]     Pick 3 E: 10 numeros guardados
[2026-07-01 11:19:39]     Pick 3 M: 10 numeros guardados
[2026-07-01 11:19:43]     Pick 4 E: 10 numeros guardados
[2026-07-01 11:19:47]     Pick 4 M: 10 numeros guardados
[2026-07-01 11:19:47]   [OK] posible_salir actualizado
[2026-07-01 11:19:47] [OK] Auto-update completado. Total nuevos: 0
[2026-07-01 12:00:00] === Auto-update iniciado ===
[2026-07-01 12:00:31]   Pick 3: 0 nuevos registros
[2026-07-01 12:01:09]   Pick 4: 0 nuevos registros
[2026-07-01 12:01:09]   Actualizando posible_salir...
[2026-07-01 12:01:13]     Pick 3 E: 10 numeros guardados
[2026-07-01 12:01:18]     Pick 3 M: 10 numeros guardados
[2026-07-01 12:01:21]     Pick 4 E: 10 numeros guardados
[2026-07-01 12:01:25]     Pick 4 M: 10 numeros guardados
[2026-07-01 12:01:25]   [OK] posible_salir actualizado
[2026-07-01 12:01:25] [OK] Auto-update completado. Total nuevos: 0
[2026-07-01 12:17:06] Scheduler iniciado — actualización inmediata + diaria a las 06:00, 12:00, 18:00, 23:00
[2026-07-01 12:17:06] === Auto-update iniciado ===
[2026-07-01 12:17:42]   Pick 3: 0 nuevos registros
[2026-07-01 12:18:19]   Pick 4: 0 nuevos registros
[2026-07-01 12:18:19]   Actualizando posible_salir...
[2026-07-01 12:18:19]     Pick 3 E: 30 numeros guardados
[2026-07-01 12:18:19]     Pick 3 M: 30 numeros guardados
[2026-07-01 12:18:20]     Pick 4 E: 30 numeros guardados
[2026-07-01 12:18:21]     Pick 4 M: 30 numeros guardados
[2026-07-01 12:18:21]   [OK] posible_salir actualizado
[2026-07-01 12:18:21] [OK] Auto-update completado. Total nuevos: 0
[2026-07-01 14:31:11] === Auto-update iniciado ===
[2026-07-01 14:31:11] Scheduler iniciado — actualización inmediata + diaria a las 06:00, 12:00, 18:00, 23:00
[2026-07-01 14:31:43]   Pick 3: 0 nuevos registros
[2026-07-01 14:32:21]   Pick 4: 0 nuevos registros
[2026-07-01 14:32:21]   Actualizando posible_salir...
[2026-07-01 14:32:21]     Pick 3 E: 30 numeros guardados
[2026-07-01 14:32:21]     Pick 3 M: 30 numeros guardados
[2026-07-01 14:32:22]     Pick 4 E: 30 numeros guardados
[2026-07-01 14:32:23]     Pick 4 M: 30 numeros guardados
[2026-07-01 14:32:23]   [OK] posible_salir actualizado
[2026-07-01 14:32:23] [OK] Auto-update completado. Total nuevos: 0
[2026-07-01 15:53:36] Scheduler iniciado — actualización inmediata + diaria a las 06:00, 12:00, 18:00, 23:00
[2026-07-01 15:53:36] === Auto-update iniciado ===
[2026-07-01 15:54:35]   Pick 3: 0 nuevos registros
[2026-07-01 15:55:47]   Pick 4: 0 nuevos registros
[2026-07-01 15:55:47]   Actualizando posible_salir...
[2026-07-01 15:55:47]     Pick 3 E: 30 numeros guardados
[2026-07-01 15:55:48]     Pick 3 M: 30 numeros guardados
[2026-07-01 15:55:48]     Pick 4 E: 30 numeros guardados
[2026-07-01 15:55:50]     Pick 4 M: 30 numeros guardados
[2026-07-01 15:55:50]   [OK] posible_salir actualizado
[2026-07-01 15:55:50] [OK] Auto-update completado. Total nuevos: 0
[2026-07-02 09:14:01] Scheduler iniciado — actualización inmediata + diaria a las 06:00, 12:00, 18:00, 23:00
[2026-07-02 09:14:01] === Auto-update iniciado ===
[2026-07-02 09:14:39]   Pick 3: 2 nuevos registros
[2026-07-02 09:15:17]   Pick 4: 2 nuevos registros
[2026-07-02 09:15:17]   Actualizando posible_salir...
[2026-07-02 09:15:18]     Pick 3 E: 30 numeros guardados
[2026-07-02 09:15:19]     Pick 3 M: 30 numeros guardados
[2026-07-02 09:15:21]     Pick 4 E: 30 numeros guardados
[2026-07-02 09:15:21]     Pick 4 M: 30 numeros guardados
[2026-07-02 09:15:21]   [OK] posible_salir actualizado
[2026-07-02 09:15:21] [OK] Auto-update completado. Total nuevos: 4
[2026-07-02 09:51:53] === Auto-update iniciado ===
[2026-07-02 09:51:53] Scheduler iniciado — actualización inmediata + diaria a las 06:00, 12:00, 18:00, 23:00
[2026-07-02 09:52:27]   Pick 3: 0 nuevos registros
[2026-07-02 09:53:05]   Pick 4: 0 nuevos registros
[2026-07-02 09:53:05]   Actualizando posible_salir...
[2026-07-02 09:53:05]     Pick 3 E: 30 numeros guardados
[2026-07-02 09:53:06]     Pick 3 M: 30 numeros guardados
[2026-07-02 09:53:07]     Pick 4 E: 30 numeros guardados
[2026-07-02 09:53:07]     Pick 4 M: 30 numeros guardados
[2026-07-02 09:53:07]   [OK] posible_salir actualizado
[2026-07-02 09:53:07] [OK] Auto-update completado. Total nuevos: 0
[2026-07-02 10:04:39] Scheduler iniciado — actualización inmediata + diaria a las 06:00, 12:00, 18:00, 23:00
[2026-07-02 10:04:39] === Auto-update iniciado ===
[2026-07-02 10:05:21]   Pick 3: 0 nuevos registros
[2026-07-02 10:06:06]   Pick 4: 0 nuevos registros
[2026-07-02 10:06:06]   Actualizando posible_salir...
[2026-07-02 10:06:07]     Pick 3 E: 30 numeros guardados
[2026-07-02 10:06:07]     Pick 3 M: 30 numeros guardados
[2026-07-02 10:06:07]     Pick 4 E: 30 numeros guardados
[2026-07-02 10:06:09]     Pick 4 M: 30 numeros guardados
[2026-07-02 10:06:09]   [OK] posible_salir actualizado
[2026-07-02 10:06:09] [OK] Auto-update completado. Total nuevos: 0
[2026-07-02 10:09:08] Scheduler iniciado — actualización inmediata + diaria a las 06:00, 12:00, 18:00, 23:00
[2026-07-02 10:09:08] === Auto-update iniciado ===
[2026-07-02 10:09:49]   Pick 3: 0 nuevos registros
[2026-07-02 10:10:22]   Pick 4: 0 nuevos registros
[2026-07-02 10:10:22]   Actualizando posible_salir...
[2026-07-02 10:10:24]     Pick 3 E: 30 numeros guardados
[2026-07-02 10:10:24]     Pick 3 M: 30 numeros guardados
[2026-07-02 10:10:25]     Pick 4 E: 30 numeros guardados
[2026-07-02 10:10:25]     Pick 4 M: 30 numeros guardados
[2026-07-02 10:10:25]   [OK] posible_salir actualizado
[2026-07-02 10:10:25] [OK] Auto-update completado. Total nuevos: 0
[2026-07-03 13:01:56] Scheduler iniciado — actualización inmediata + diaria a las 06:00, 12:00, 18:00, 23:00
[2026-07-03 13:01:56] === Auto-update iniciado ===
[2026-07-03 13:02:39]   Pick 3: 0 nuevos registros
[2026-07-03 13:03:29]   Pick 4: 0 nuevos registros
[2026-07-03 13:03:29]   Actualizando posible_salir...
[2026-07-03 13:03:31]     Pick 3 E: 30 numeros guardados
[2026-07-03 13:03:32]     Pick 3 M: 30 numeros guardados
[2026-07-03 13:03:32]     Pick 4 E: 30 numeros guardados
[2026-07-03 13:03:33]     Pick 4 M: 30 numeros guardados
[2026-07-03 13:03:33]   [OK] posible_salir actualizado
[2026-07-03 13:03:33] [OK] Auto-update completado. Total nuevos: 0
[2026-07-03 13:06:38] Scheduler iniciado — actualización inmediata + diaria a las 06:00, 12:00, 18:00, 23:00
[2026-07-03 13:06:38] === Auto-update iniciado ===
[2026-07-03 13:07:24]   Pick 3: 0 nuevos registros
[2026-07-03 13:08:16]   Pick 4: 0 nuevos registros
[2026-07-03 13:08:16]   Actualizando posible_salir...
[2026-07-03 13:08:19]     Pick 3 E: 30 numeros guardados
[2026-07-03 13:08:20]     Pick 3 M: 30 numeros guardados
[2026-07-03 13:08:20]     Pick 4 E: 30 numeros guardados
[2026-07-03 13:08:21]     Pick 4 M: 30 numeros guardados
[2026-07-03 13:08:21]   [OK] posible_salir actualizado
[2026-07-03 13:08:21] [OK] Auto-update completado. Total nuevos: 0
[2026-07-03 13:08:59] Scheduler iniciado — actualización inmediata + diaria a las 06:00, 12:00, 18:00, 23:00
[2026-07-03 13:08:59] === Auto-update iniciado ===
[2026-07-03 13:09:42]   Pick 3: 0 nuevos registros
[2026-07-03 13:10:28]   Pick 4: 0 nuevos registros
[2026-07-03 13:10:28]   Actualizando posible_salir...
[2026-07-03 13:10:30]     Pick 3 E: 30 numeros guardados
[2026-07-03 13:10:30]     Pick 3 M: 30 numeros guardados
[2026-07-03 13:10:31]     Pick 4 E: 30 numeros guardados
[2026-07-03 13:10:31]     Pick 4 M: 30 numeros guardados
[2026-07-03 13:10:31]   [OK] posible_salir actualizado
[2026-07-03 13:10:31] [OK] Auto-update completado. Total nuevos: 0
[2026-07-03 13:11:30] Scheduler iniciado — actualización inmediata + diaria a las 06:00, 12:00, 18:00, 23:00
[2026-07-03 13:11:30] === Auto-update iniciado ===
[2026-07-03 13:12:11]   Pick 3: 0 nuevos registros
[2026-07-03 13:12:58]   Pick 4: 0 nuevos registros
[2026-07-03 13:12:58]   Actualizando posible_salir...
[2026-07-03 13:12:58]     Pick 3 E: 30 numeros guardados
[2026-07-03 13:12:59]     Pick 3 M: 30 numeros guardados
[2026-07-03 13:12:59]     Pick 4 E: 30 numeros guardados
[2026-07-03 13:13:00]     Pick 4 M: 30 numeros guardados
[2026-07-03 13:13:00]   [OK] posible_salir actualizado
[2026-07-03 13:13:00] [OK] Auto-update completado. Total nuevos: 0
[2026-07-03 13:31:35] === Auto-update iniciado ===
zación inmediata + diaria a las 06:00, 12:00, 18:00, 23:00
[2026-07-03 13:32:16]   Pick 3: 0 nuevos registros
[2026-07-03 13:32:58]   Pick 4: 0 nuevos registros
[2026-07-03 13:32:58]   Actualizando posible_salir...
[2026-07-03 13:33:00]     Pick 3 E: 30 numeros guardados
[2026-07-03 13:33:00]     Pick 3 M: 30 numeros guardados
[2026-07-03 13:33:00]     Pick 4 E: 30 numeros guardados
[2026-07-03 13:33:01]     Pick 4 M: 30 numeros guardados
[2026-07-03 13:33:01]   [OK] posible_salir actualizado
[2026-07-03 13:33:01] [OK] Auto-update completado. Total nuevos: 0
[2026-07-03 15:14:32] Scheduler iniciado — actualización inmediata + diaria a las 06:00, 12:00, 18:00, 23:00
[2026-07-03 15:14:32] === Auto-update iniciado ===
[2026-07-03 15:15:14]   Pick 3: 0 nuevos registros
[2026-07-03 15:16:02]   Pick 4: 0 nuevos registros
[2026-07-03 15:16:02]   Actualizando posible_salir...
[2026-07-03 15:16:04]     Pick 3 E: 30 numeros guardados
[2026-07-03 15:16:04]     Pick 3 M: 30 numeros guardados
[2026-07-03 15:16:04]     Pick 4 E: 30 numeros guardados
[2026-07-03 15:16:05]     Pick 4 M: 30 numeros guardados
[2026-07-03 15:16:05]   [OK] posible_salir actualizado
[2026-07-03 15:16:05] [OK] Auto-update completado. Total nuevos: 0
[2026-07-03 15:17:20] Scheduler iniciado — actualización inmediata + diaria a las 06:00, 12:00, 18:00, 23:00
[2026-07-03 15:17:20] === Auto-update iniciado ===
[2026-07-03 15:18:12]   Pick 3: 0 nuevos registros
[2026-07-03 15:18:59]   Pick 4: 0 nuevos registros
[2026-07-03 15:18:59]   Actualizando posible_salir...
[2026-07-03 15:19:00]     Pick 3 E: 30 numeros guardados
[2026-07-03 15:19:01]     Pick 3 M: 30 numeros guardados
[2026-07-03 15:19:01]     Pick 4 E: 30 numeros guardados
[2026-07-03 15:19:02]     Pick 4 M: 30 numeros guardados
[2026-07-03 15:19:02]   [OK] posible_salir actualizado
[2026-07-03 15:19:02] [OK] Auto-update completado. Total nuevos: 0
[2026-07-03 15:21:05] Scheduler iniciado — actualización inmediata + diaria a las 06:00, 12:00, 18:00, 23:00
[2026-07-03 15:22:21]   Pick 3: 0 nuevos registros
[2026-07-03 15:23:48]   Pick 4: 0 nuevos registros
[2026-07-03 15:23:48]   Actualizando posible_salir...
[2026-07-03 15:23:50]     Pick 3 E: 30 numeros guardados
[2026-07-03 15:23:51]     Pick 3 M: 30 numeros guardados
[2026-07-03 15:23:51]     Pick 4 E: 30 numeros guardados
[2026-07-03 15:23:52]     Pick 4 M: 30 numeros guardados
[2026-07-03 15:23:52]   [OK] posible_salir actualizado
[2026-07-03 15:23:52] [OK] Auto-update completado. Total nuevos: 0
[2026-07-03 16:22:32] Scheduler iniciado — actualización inmediata + diaria a las 06:00, 12:00, 18:00, 23:00
[2026-07-03 16:22:32] === Auto-update iniciado ===
[2026-07-03 16:23:11]   Pick 3: 0 nuevos registros
[2026-07-03 16:23:54]   Pick 4: 0 nuevos registros
[2026-07-03 16:23:54]   Actualizando posible_salir...
[2026-07-03 16:23:56]     Pick 3 E: 30 numeros guardados
[2026-07-03 16:23:56]     Pick 3 M: 30 numeros guardados
[2026-07-03 16:23:57]     Pick 4 E: 30 numeros guardados
[2026-07-03 16:23:57]     Pick 4 M: 30 numeros guardados
[2026-07-03 16:23:57]   [OK] posible_salir actualizado
[2026-07-03 16:23:57] [OK] Auto-update completado. Total nuevos: 0
[2026-07-03 17:01:29] === Auto-update iniciado ===
zación inmediata + diaria a las 06:00, 12:00, 18:00, 23:00
[2026-07-03 17:02:11]   Pick 3: 0 nuevos registros
[2026-07-03 17:02:57]   Pick 4: 0 nuevos registros
[2026-07-03 17:02:57]   Actualizando posible_salir...
[2026-07-03 17:02:59]     Pick 3 E: 30 numeros guardados
[2026-07-03 17:02:59]     Pick 3 M: 30 numeros guardados
[2026-07-03 17:03:00]     Pick 4 E: 30 numeros guardados
[2026-07-03 17:03:01]     Pick 4 M: 30 numeros guardados
[2026-07-03 17:03:01]   [OK] posible_salir actualizado
[2026-07-03 17:03:01] [OK] Auto-update completado. Total nuevos: 0
[2026-07-03 18:00:00] === Auto-update iniciado ===
[2026-07-03 18:01:12]   Pick 3: 0 nuevos registros
[2026-07-03 18:02:06]   Pick 4: 0 nuevos registros
[2026-07-03 18:02:06]   Actualizando posible_salir...
[2026-07-03 18:02:07]     Pick 3 E: 30 numeros guardados
[2026-07-03 18:02:08]     Pick 3 M: 30 numeros guardados
[2026-07-03 18:02:08]     Pick 4 E: 30 numeros guardados
[2026-07-03 18:02:09]     Pick 4 M: 30 numeros guardados
[2026-07-03 18:02:09]   [OK] posible_salir actualizado
[2026-07-03 18:02:09] [OK] Auto-update completado. Total nuevos: 0
[2026-07-04 18:13:39] === Auto-update iniciado ===
zación inmediata + diaria a las 06:00, 12:00, 18:00, 23:00
[2026-07-04 18:14:10]   Pick 3: 4 nuevos registros
[2026-07-04 18:14:44]   Pick 4: 4 nuevos registros
[2026-07-04 18:14:44]   Actualizando posible_salir...
[2026-07-04 18:14:44]     Pick 3 E: 30 numeros guardados
[2026-07-04 18:14:44]     Pick 3 M: 30 numeros guardados
[2026-07-04 18:14:46]     Pick 4 E: 30 numeros guardados
[2026-07-04 18:14:46]     Pick 4 M: 30 numeros guardados
[2026-07-04 18:14:46]   [OK] posible_salir actualizado
[2026-07-04 18:14:46] [OK] Auto-update completado. Total nuevos: 8
[2026-07-05 02:22:41] Scheduler iniciado — actualización inmediata + diaria a las 06:00, 12:00, 18:00, 23:00
[2026-07-05 02:22:41] === Auto-update iniciado ===
[2026-07-05 02:23:18]   Pick 3: 2 nuevos registros
[2026-07-05 02:23:54]   Pick 4: 2 nuevos registros
[2026-07-05 02:23:54]   Actualizando posible_salir...
[2026-07-05 02:23:55]     Pick 3 E: 30 numeros guardados
[2026-07-05 02:23:55]     Pick 3 M: 30 numeros guardados
[2026-07-05 02:23:56]     Pick 4 E: 30 numeros guardados
[2026-07-05 02:23:56]     Pick 4 M: 30 numeros guardados
[2026-07-05 02:23:56]   [OK] posible_salir actualizado
[2026-07-05 02:23:56] [OK] Auto-update completado. Total nuevos: 4
[2026-07-05 10:56:53] === Auto-update iniciado ===
zación inmediata + diaria a las 06:00, 12:00, 18:00, 23:00
[2026-07-05 10:57:26]   Pick 3: 2 nuevos registros
[2026-07-05 10:58:04]   Pick 4: 2 nuevos registros
[2026-07-05 10:58:04]   Actualizando posible_salir...
[2026-07-05 10:58:06]     Pick 3 E: 30 numeros guardados
[2026-07-05 10:58:07]     Pick 3 M: 30 numeros guardados
[2026-07-05 10:58:09]     Pick 4 E: 30 numeros guardados
[2026-07-05 10:58:10]     Pick 4 M: 30 numeros guardados
[2026-07-05 10:58:10]   [OK] posible_salir actualizado
[2026-07-05 10:58:10] [OK] Auto-update completado. Total nuevos: 4
[2026-07-05 12:00:00] === Auto-update iniciado ===
[2026-07-05 12:00:32]   Pick 3: 0 nuevos registros
[2026-07-05 12:01:08]   Pick 4: 0 nuevos registros
[2026-07-05 12:01:08]   Actualizando posible_salir...
[2026-07-05 12:01:08]     Pick 3 E: 30 numeros guardados
[2026-07-05 12:01:09]     Pick 3 M: 30 numeros guardados
[2026-07-05 12:01:09]     Pick 4 E: 30 numeros guardados
[2026-07-05 12:01:10]     Pick 4 M: 30 numeros guardados
[2026-07-05 12:01:10]   [OK] posible_salir actualizado
[2026-07-05 12:01:10] [OK] Auto-update completado. Total nuevos: 0
[2026-07-05 13:13:33] Scheduler iniciado — actualización inmediata + diaria a las 06:00, 12:00, 18:00, 23:00
[2026-07-05 13:13:33] === Auto-update iniciado ===
[2026-07-05 13:14:01]   Pick 3: 0 nuevos registros
[2026-07-05 13:14:33]   Pick 4: 0 nuevos registros
[2026-07-05 13:14:33]   Actualizando posible_salir...
[2026-07-05 13:14:34]     Pick 3 E: 30 numeros guardados
[2026-07-05 13:14:34]     Pick 3 M: 30 numeros guardados
[2026-07-05 13:14:35]     Pick 4 E: 30 numeros guardados
[2026-07-05 13:14:35]     Pick 4 M: 30 numeros guardados
[2026-07-05 13:14:35]   [OK] posible_salir actualizado
[2026-07-05 13:14:35] [OK] Auto-update completado. Total nuevos: 0
[2026-07-05 16:31:00] Scheduler iniciado — actualización inmediata + diaria a las 06:00, 12:00, 18:00, 23:00
[2026-07-05 16:31:00] === Auto-update iniciado ===
[2026-07-05 16:31:29]   Pick 3: 12 nuevos registros
[2026-07-05 16:32:02]   Pick 4: 12 nuevos registros
[2026-07-05 16:32:02]   Actualizando posible_salir...
[2026-07-05 16:32:03]     Pick 3 E: 30 numeros guardados
[2026-07-05 16:32:03]     Pick 3 M: 30 numeros guardados
[2026-07-05 16:32:04]     Pick 4 E: 30 numeros guardados
[2026-07-05 16:32:04]     Pick 4 M: 30 numeros guardados
[2026-07-05 16:32:04]   [OK] posible_salir actualizado
[2026-07-05 16:32:04] [OK] Auto-update completado. Total nuevos: 24
[2026-07-06 10:18:39] Scheduler iniciado — actualización inmediata + diaria a las 06:00, 12:00, 18:00, 23:00
[2026-07-06 10:18:39] === Auto-update iniciado ===
[2026-07-06 10:19:12]   Pick 3: 4 nuevos registros
[2026-07-06 10:19:51]   Pick 4: 4 nuevos registros
[2026-07-06 10:19:51]   Actualizando posible_salir...
[2026-07-06 10:19:52]     Pick 3 E: 30 numeros guardados
[2026-07-06 10:19:52]     Pick 3 M: 30 numeros guardados
[2026-07-06 10:19:53]     Pick 4 E: 30 numeros guardados
[2026-07-06 10:19:53]     Pick 4 M: 30 numeros guardados
[2026-07-06 10:19:53]   [OK] posible_salir actualizado
[2026-07-06 10:19:53] [OK] Auto-update completado. Total nuevos: 8
[2026-07-06 12:15:41] Scheduler iniciado — actualización inmediata + diaria a las 06:00, 12:00, 18:00, 23:00
[2026-07-06 12:15:41] === Auto-update iniciado ===
[2026-07-06 12:16:39]   Pick 3: 2 nuevos registros
[2026-07-06 12:17:45]   Pick 4: 2 nuevos registros
[2026-07-06 12:17:45]   Actualizando posible_salir...
[2026-07-06 12:17:45]     Pick 3 E: 30 numeros guardados
[2026-07-06 12:17:45]     Pick 3 M: 30 numeros guardados
[2026-07-06 12:17:46]     Pick 4 E: 30 numeros guardados
[2026-07-06 12:17:48]     Pick 4 M: 30 numeros guardados
[2026-07-06 12:17:48]   [OK] posible_salir actualizado
[2026-07-06 12:17:48] [OK] Auto-update completado. Total nuevos: 4
[2026-07-06 12:18:58] Scheduler iniciado — actualización inmediata + diaria a las 06:00, 12:00, 18:00, 23:00
[2026-07-06 12:18:58] === Auto-update iniciado ===
[2026-07-06 12:19:33]   Pick 3: 0 nuevos registros
[2026-07-06 12:20:11]   Pick 4: 0 nuevos registros
[2026-07-06 12:20:11]   Actualizando posible_salir...
[2026-07-06 12:20:12]     Pick 3 E: 30 numeros guardados
[2026-07-06 12:20:12]     Pick 3 M: 30 numeros guardados
[2026-07-06 12:20:12]     Pick 4 E: 30 numeros guardados
[2026-07-06 12:20:14]     Pick 4 M: 30 numeros guardados
[2026-07-06 12:20:14]   [OK] posible_salir actualizado
[2026-07-06 12:20:14] [OK] Auto-update completado. Total nuevos: 0
[2026-07-06 15:18:21] === Auto-update iniciado ===
[2026-07-06 15:18:21] Scheduler iniciado — actualización inmediata + diaria a las 06:00, 12:00, 18:00, 23:00
[2026-07-06 15:18:48]   Pick 3: 0 nuevos registros
[2026-07-06 15:19:18]   Pick 4: 0 nuevos registros
[2026-07-06 15:19:18]   Actualizando posible_salir...
[2026-07-06 15:19:19]     Pick 3 E: 30 numeros guardados
[2026-07-06 15:19:19]     Pick 3 M: 30 numeros guardados
[2026-07-06 15:19:19]     Pick 4 E: 30 numeros guardados
[2026-07-06 15:19:21]     Pick 4 M: 30 numeros guardados
[2026-07-06 15:19:21]   [OK] posible_salir actualizado
[2026-07-06 15:19:21] [OK] Auto-update completado. Total nuevos: 0
[2026-07-06 17:54:58] === Auto-update iniciado ===
[2026-07-06 17:54:58] Scheduler iniciado — actualización inmediata + diaria a las 06:00, 12:00, 18:00, 23:00
[2026-07-06 17:58:09] Scheduler iniciado — actualización inmediata + diaria a las 06:00, 12:00, 18:00, 23:00
[2026-07-06 17:58:09] === Auto-update iniciado ===
[2026-07-06 17:58:47] === Auto-update iniciado ===
[2026-07-06 17:58:47] Scheduler iniciado — actualización inmediata + diaria a las 06:00, 12:00, 18:00, 23:00
[2026-07-06 17:59:53]   Pick 3: 0 nuevos registros
[2026-07-06 18:00:00] === Auto-update iniciado ===
[2026-07-06 18:02:39]   Pick 4: 0 nuevos registros
[2026-07-06 18:02:39]   Actualizando posible_salir...
[2026-07-06 18:02:43]   Pick 3: 0 nuevos registros
[2026-07-06 18:02:44]     Pick 3 E: 30 numeros guardados
[2026-07-06 18:02:44]     Pick 3 M: 30 numeros guardados
[2026-07-06 18:02:45]     Pick 4 E: 30 numeros guardados
[2026-07-06 18:02:49]     Pick 4 M: 30 numeros guardados
[2026-07-06 18:02:50]   [OK] posible_salir actualizado
[2026-07-06 18:02:50] [OK] Auto-update completado. Total nuevos: 0
[2026-07-06 18:03:48]   Pick 4: 0 nuevos registros
[2026-07-06 18:03:48]   Actualizando posible_salir...
[2026-07-06 18:03:48]     Pick 3 E: 30 numeros guardados
[2026-07-06 18:03:49]     Pick 3 M: 30 numeros guardados
[2026-07-06 18:03:51]     Pick 4 E: 30 numeros guardados
[2026-07-06 18:03:51]     Pick 4 M: 30 numeros guardados
[2026-07-06 18:03:51]   [OK] posible_salir actualizado
[2026-07-06 18:03:51] [OK] Auto-update completado. Total nuevos: 0
[2026-07-06 18:05:08] === Auto-update iniciado ===
[2026-07-06 18:05:08] Scheduler iniciado — actualización inmediata + diaria a las 06:00, 12:00, 18:00, 23:00
[2026-07-06 18:06:07]   Pick 3: 0 nuevos registros
[2026-07-06 18:07:08]   Pick 4: 0 nuevos registros
[2026-07-06 18:07:08]   Actualizando posible_salir...
[2026-07-06 18:07:09]     Pick 3 E: 30 numeros guardados
[2026-07-06 18:07:11]     Pick 3 M: 30 numeros guardados
[2026-07-06 18:07:11]     Pick 4 E: 30 numeros guardados
[2026-07-06 18:07:12]     Pick 4 M: 30 numeros guardados
[2026-07-06 18:07:12]   [OK] posible_salir actualizado
[2026-07-06 18:07:12] [OK] Auto-update completado. Total nuevos: 0
[2026-07-06 18:31:58] Scheduler iniciado — actualización inmediata + diaria a las 06:00, 12:00, 18:00, 23:00
[2026-07-06 18:31:58] === Auto-update iniciado ===
[2026-07-06 18:33:26] === Auto-update iniciado ===
[2026-07-06 18:33:26] Scheduler iniciado — actualización inmediata + diaria a las 06:00, 12:00, 18:00, 23:00
[2026-07-06 18:35:50] Scheduler iniciado — actualización inmediata + diaria a las 06:00, 12:00, 18:00, 23:00
[2026-07-06 18:35:50] === Auto-update iniciado ===
[2026-07-06 18:42:30] === Auto-update iniciado ===
[2026-07-06 18:42:30] Scheduler iniciado — actualización inmediata + diaria a las 06:00, 12:00, 18:00, 23:00
[2026-07-06 18:42:59] === Auto-update iniciado ===
[2026-07-06 18:42:59] Scheduler iniciado — actualización inmediata + diaria a las 06:00, 12:00, 18:00, 23:00
[2026-07-06 18:43:26] === Auto-update iniciado ===
[2026-07-06 18:43:26] Scheduler iniciado — actualización inmediata + diaria a las 06:00, 12:00, 18:00, 23:00
[2026-07-06 18:45:00] === Auto-update iniciado ===
[2026-07-06 18:45:00] Scheduler iniciado — actualización inmediata + diaria a las 06:00, 12:00, 18:00, 23:00
[2026-07-06 18:52:21] === Auto-update iniciado ===
[2026-07-06 18:52:21] Scheduler iniciado — actualización inmediata + diaria a las 06:00, 12:00, 18:00, 23:00
[2026-07-06 18:53:14] === Auto-update iniciado ===
[2026-07-06 18:53:14] Scheduler iniciado — actualización inmediata + diaria a las 06:00, 12:00, 18:00, 23:00
[2026-07-06 18:58:28] === Auto-update iniciado ===
[2026-07-06 18:58:28] Scheduler iniciado — actualización inmediata + diaria a las 06:00, 12:00, 18:00, 23:00
[2026-07-06 19:00:07] Scheduler iniciado — actualización inmediata + diaria a las 06:00, 12:00, 18:00, 23:00
[2026-07-06 19:00:07] === Auto-update iniciado ===
[2026-07-06 19:00:36]   Pick 3: 0 nuevos registros
[2026-07-06 19:01:08]   Pick 4: 0 nuevos registros
[2026-07-06 19:01:08]   Actualizando posible_salir...
[2026-07-06 19:01:08]     Pick 3 E: 30 numeros guardados
[2026-07-06 19:01:10]     Pick 3 M: 30 numeros guardados
[2026-07-06 19:01:10]     Pick 4 E: 30 numeros guardados
[2026-07-06 19:01:11]     Pick 4 M: 30 numeros guardados
[2026-07-06 19:01:11]   [OK] posible_salir actualizado
[2026-07-06 19:01:11] [OK] Auto-update completado. Total nuevos: 0
[2026-07-07 07:59:33] === Auto-update iniciado ===
[2026-07-07 07:59:33] Scheduler iniciado — actualización inmediata + diaria a las 06:00, 12:00, 18:00, 23:00
[2026-07-07 07:59:59]   Pick 3: 0 nuevos registros
[2026-07-07 08:00:30]   Pick 4: 0 nuevos registros
[2026-07-07 08:00:30]   Actualizando posible_salir...
[2026-07-07 08:00:30]     Pick 3 E: 30 numeros guardados
[2026-07-07 08:00:32]     Pick 3 M: 30 numeros guardados
[2026-07-07 08:00:33]     Pick 4 E: 30 numeros guardados
[2026-07-07 08:00:33]     Pick 4 M: 30 numeros guardados
[2026-07-07 08:00:33]   [OK] posible_salir actualizado
[2026-07-07 08:00:33] [OK] Auto-update completado. Total nuevos: 0
[2026-07-07 14:58:11] === Auto-update iniciado ===
[2026-07-07 14:58:11] Scheduler iniciado — actualización inmediata + diaria a las 06:00, 12:00, 18:00, 23:00
[2026-07-07 14:59:01]   Pick 3: 0 nuevos registros
[2026-07-07 14:59:56]   Pick 4: 0 nuevos registros
[2026-07-07 14:59:56]   Actualizando posible_salir...
[2026-07-07 14:59:57]     Pick 3 E: 30 numeros guardados
[2026-07-07 14:59:58]     Pick 3 M: 30 numeros guardados
[2026-07-07 15:00:00]     Pick 4 E: 30 numeros guardados
[2026-07-07 15:00:01]     Pick 4 M: 30 numeros guardados
[2026-07-07 15:00:01]   [OK] posible_salir actualizado
[2026-07-07 15:00:01] [OK] Auto-update completado. Total nuevos: 0
[2026-07-07 15:53:46] Scheduler iniciado — actualización inmediata + diaria a las 06:00, 12:00, 18:00, 23:00
[2026-07-07 15:53:46] === Auto-update iniciado ===
[2026-07-07 15:54:33]   Pick 3: 0 nuevos registros
[2026-07-07 15:55:19]   Pick 4: 0 nuevos registros
[2026-07-07 15:55:19]   Actualizando posible_salir...
[2026-07-07 15:55:20]     Pick 3 E: 30 numeros guardados
[2026-07-07 15:55:20]     Pick 3 M: 30 numeros guardados
[2026-07-07 15:55:21]     Pick 4 E: 30 numeros guardados
[2026-07-07 15:55:21]     Pick 4 M: 30 numeros guardados
[2026-07-07 15:55:21]   [OK] posible_salir actualizado
[2026-07-07 15:55:21] [OK] Auto-update completado. Total nuevos: 0
[2026-07-07 15:56:42] Scheduler iniciado — actualización inmediata + diaria a las 06:00, 12:00, 18:00, 23:00
[2026-07-07 15:56:42] === Auto-update iniciado ===
[2026-07-07 15:57:16]   Pick 3: 0 nuevos registros
[2026-07-07 15:58:27]   Pick 4: 0 nuevos registros
[2026-07-07 15:58:27]   Actualizando posible_salir...
[2026-07-07 15:58:28]     Pick 3 E: 30 numeros guardados
[2026-07-07 15:58:28]     Pick 3 M: 30 numeros guardados
[2026-07-07 15:58:29]     Pick 4 E: 30 numeros guardados
[2026-07-07 15:58:29]     Pick 4 M: 30 numeros guardados
[2026-07-07 15:58:29]   [OK] posible_salir actualizado
[2026-07-07 15:58:29] [OK] Auto-update completado. Total nuevos: 0
[2026-07-07 20:30:28] === Auto-update iniciado ===
[2026-07-07 20:30:28] Scheduler iniciado — actualización inmediata + diaria a las 06:00, 12:00, 18:00, 23:00
[2026-07-07 20:30:47]   Pick 3: 0 nuevos registros
[2026-07-07 20:31:15]   Pick 4: 0 nuevos registros
[2026-07-07 20:31:15]   Actualizando posible_salir...
[2026-07-07 20:31:16]     Pick 3 E: 30 numeros guardados
[2026-07-07 20:31:16]     Pick 3 M: 30 numeros guardados
[2026-07-07 20:31:17]     Pick 4 E: 30 numeros guardados
[2026-07-07 20:31:17]     Pick 4 M: 30 numeros guardados
[2026-07-07 20:31:17]   [OK] posible_salir actualizado
[2026-07-07 20:31:17] [OK] Auto-update completado. Total nuevos: 0
[2026-07-07 20:40:10] === Auto-update iniciado ===
[2026-07-07 20:40:10] Scheduler iniciado — actualización inmediata + diaria a las 06:00, 12:00, 18:00, 23:00
[2026-07-07 20:40:39]   Pick 3: 2 nuevos registros
[2026-07-07 20:41:12]   Pick 4: 2 nuevos registros
[2026-07-07 20:41:12]   Actualizando posible_salir...
[2026-07-07 20:41:13]     Pick 3 E: 30 numeros guardados
[2026-07-07 20:41:15]     Pick 3 M: 30 numeros guardados
[2026-07-07 20:41:16]     Pick 4 E: 30 numeros guardados
[2026-07-07 20:41:16]     Pick 4 M: 30 numeros guardados
[2026-07-07 20:41:16]   [OK] posible_salir actualizado
[2026-07-07 20:41:16] [OK] Auto-update completado. Total nuevos: 4
[2026-07-07 21:05:33] === Auto-update iniciado ===
[2026-07-07 21:05:33] Scheduler iniciado — actualización inmediata + diaria a las 06:00, 12:00, 18:00, 23:00
[2026-07-07 21:06:22]   Pick 3: 0 nuevos registros
[2026-07-07 21:07:15]   Pick 4: 0 nuevos registros
[2026-07-07 21:07:15]   Actualizando posible_salir...
[2026-07-07 21:07:15]     Pick 3 E: 30 numeros guardados
[2026-07-07 21:07:16]     Pick 3 M: 30 numeros guardados
[2026-07-07 21:07:18]     Pick 4 E: 30 numeros guardados
[2026-07-07 21:07:19]     Pick 4 M: 30 numeros guardados
[2026-07-07 21:07:19]   [OK] posible_salir actualizado
[2026-07-07 21:07:19] [OK] Auto-update completado. Total nuevos: 0
[2026-07-08 06:00:00] === Auto-update iniciado ===
[2026-07-08 06:00:32]   Pick 3: 0 nuevos registros
[2026-07-08 06:01:05]   Pick 4: 0 nuevos registros
[2026-07-08 06:01:05]   Actualizando posible_salir...
[2026-07-08 06:01:07]     Pick 3 E: 30 numeros guardados
[2026-07-08 06:01:08]     Pick 3 M: 30 numeros guardados
[2026-07-08 06:01:08]     Pick 4 E: 30 numeros guardados
[2026-07-08 06:01:09]     Pick 4 M: 30 numeros guardados
[2026-07-08 06:01:09]   [OK] posible_salir actualizado
[2026-07-08 06:01:09] [OK] Auto-update completado. Total nuevos: 0
[2026-07-08 11:08:42] === Auto-update iniciado ===
[2026-07-08 11:08:42] Scheduler iniciado — actualización inmediata + diaria a las 06:00, 12:00, 18:00, 23:00
[2026-07-08 11:09:24]   Pick 3: 0 nuevos registros
[2026-07-08 11:10:19]   Pick 4: 0 nuevos registros
[2026-07-08 11:10:19]   Actualizando posible_salir...
[2026-07-08 11:10:20]     Pick 3 E: 30 numeros guardados
[2026-07-08 11:10:20]     Pick 3 M: 30 numeros guardados
[2026-07-08 11:10:23]     Pick 4 E: 30 numeros guardados
[2026-07-08 11:10:23]     Pick 4 M: 30 numeros guardados
[2026-07-08 11:10:23]   [OK] posible_salir actualizado
[2026-07-08 11:10:23] [OK] Auto-update completado. Total nuevos: 0
[2026-07-08 11:48:34] === Auto-update iniciado ===
[2026-07-08 11:48:34] Scheduler iniciado — actualización inmediata + diaria a las 06:00, 12:00, 18:00, 23:00
[2026-07-08 11:49:17]   Pick 3: 0 nuevos registros
[2026-07-08 11:50:19]   Pick 4: 0 nuevos registros
[2026-07-08 11:50:19]   Actualizando posible_salir...
[2026-07-08 11:50:20]     Pick 3 E: 30 numeros guardados
[2026-07-08 11:50:21]     Pick 3 M: 30 numeros guardados
[2026-07-08 11:50:24]     Pick 4 E: 30 numeros guardados
[2026-07-08 11:50:25]     Pick 4 M: 30 numeros guardados
[2026-07-08 11:50:25]   [OK] posible_salir actualizado
[2026-07-08 11:55:26] === Auto-update iniciado ===
[2026-07-08 11:55:26] Scheduler iniciado — actualización inmediata + diaria a las 06:00, 12:00, 18:00, 23:00
[2026-07-08 11:56:42] === Auto-update iniciado ===
[2026-07-08 11:56:42] Scheduler iniciado — actualización inmediata + diaria a las 06:00, 12:00, 18:00, 23:00
[2026-07-08 11:58:30] === Auto-update iniciado ===
[2026-07-08 11:58:30] Scheduler iniciado — actualización inmediata + diaria a las 06:00, 12:00, 18:00, 23:00
[2026-07-08 12:02:25] === Auto-update iniciado ===
[2026-07-08 12:02:25] Scheduler iniciado — actualización inmediata + diaria a las 06:00, 12:00, 18:00, 23:00
[2026-07-08 12:03:58]   Pick 3: 0 nuevos registros
[2026-07-08 12:05:05] === Auto-update iniciado ===
[2026-07-08 12:05:05] Scheduler iniciado — actualización inmediata + diaria a las 06:00, 12:00, 18:00, 23:00
[2026-07-08 12:06:10] === Auto-update iniciado ===
[2026-07-08 12:06:10] Scheduler iniciado — actualización inmediata + diaria a las 06:00, 12:00, 18:00, 23:00
[2026-07-08 12:09:01] Scheduler iniciado — actualización inmediata + diaria a las 06:00, 12:00, 18:00, 23:00
[2026-07-08 12:09:01] === Auto-update iniciado ===
[2026-07-08 12:10:09] === Auto-update iniciado ===
[2026-07-08 12:10:09] Scheduler iniciado — actualización inmediata + diaria a las 06:00, 12:00, 18:00, 23:00
[2026-07-08 12:13:51] Scheduler iniciado — actualización inmediata + diaria a las 06:00, 12:00, 18:00, 23:00
[2026-07-08 12:13:51] === Auto-update iniciado ===
[2026-07-08 12:19:03] Scheduler iniciado — actualización inmediata + diaria a las 06:00, 12:00, 18:00, 23:00
[2026-07-08 12:19:03] === Auto-update iniciado ===
[2026-07-08 12:19:40]   Pick 3: 0 nuevos registros
[2026-07-08 12:20:27]   Pick 4: 0 nuevos registros
[2026-07-08 12:20:27]   Actualizando posible_salir...
[2026-07-08 12:20:28]     Pick 3 E: 30 numeros guardados
[2026-07-08 12:20:28]     Pick 3 M: 30 numeros guardados
[2026-07-08 12:20:30]     Pick 4 E: 30 numeros guardados
[2026-07-08 12:20:31]     Pick 4 M: 30 numeros guardados
[2026-07-08 12:20:31]   [OK] posible_salir actualizado
[2026-07-08 12:20:42]   Otros juegos: 5 actualizados
[2026-07-08 12:20:42] [OK] Auto-update completado. Total nuevos: 0
[2026-07-08 12:28:18] === Auto-update iniciado ===
[2026-07-08 12:28:18] Scheduler iniciado — actualización inmediata + diaria a las 06:00, 12:00, 18:00, 23:00
[2026-07-08 12:28:49]   Pick 3: 2 nuevos registros
[2026-07-08 12:29:23]   Pick 4: 2 nuevos registros
[2026-07-08 12:29:23]   Actualizando posible_salir...
[2026-07-08 12:29:23]     Pick 3 E: 30 numeros guardados
[2026-07-08 12:29:23]     Pick 3 M: 30 numeros guardados
[2026-07-08 12:29:25]     Pick 4 E: 30 numeros guardados
[2026-07-08 12:29:26]     Pick 4 M: 30 numeros guardados
[2026-07-08 12:29:26]   [OK] posible_salir actualizado
[2026-07-08 12:29:38]   Otros juegos: 5 actualizados
[2026-07-08 12:29:38] [OK] Auto-update completado. Total nuevos: 4
[2026-07-08 13:11:25] Scheduler iniciado — actualización inmediata + diaria a las 06:00, 12:00, 18:00, 23:00
[2026-07-08 13:11:55] === Auto-update iniciado ===
[2026-07-08 13:12:46] Scheduler iniciado — actualización inmediata + diaria a las 06:00, 12:00, 18:00, 23:00
[2026-07-08 13:13:16] === Auto-update iniciado ===
[2026-07-08 13:14:09]   Pick 3: 0 nuevos registros
[2026-07-08 13:15:01]   Pick 4: 0 nuevos registros
[2026-07-08 13:15:01]   Actualizando posible_salir...
[2026-07-08 13:15:02]     Pick 3 E: 30 numeros guardados
[2026-07-08 13:15:02]     Pick 3 M: 30 numeros guardados
[2026-07-08 13:15:04]     Pick 4 E: 30 numeros guardados
[2026-07-08 13:15:05]     Pick 4 M: 30 numeros guardados
[2026-07-08 13:15:05]   [OK] posible_salir actualizado
[2026-07-08 13:15:39]   Otros juegos: 3 actualizados
[2026-07-08 13:15:39] [OK] Auto-update completado. Total nuevos: 0
[2026-07-08 13:19:50] Scheduler iniciado — actualización inmediata + chequeos cada hora 05:00–08:00
[2026-07-08 13:20:20] === Auto-update iniciado ===
[2026-07-08 13:21:31]   Pick 3: 0 nuevos registros
[2026-07-08 13:22:21]   Pick 4: 0 nuevos registros
[2026-07-08 13:22:21]   Actualizando posible_salir...
[2026-07-08 13:22:24]     Pick 3 E: 30 numeros guardados
[2026-07-08 13:22:24]     Pick 3 M: 30 numeros guardados
[2026-07-08 13:22:25]     Pick 4 E: 30 numeros guardados
[2026-07-08 13:22:25]     Pick 4 M: 30 numeros guardados
[2026-07-08 13:22:25]   [OK] posible_salir actualizado
[2026-07-08 13:22:35]   Otros juegos: 5 actualizados
[2026-07-08 13:22:35] [OK] Auto-update completado. Total nuevos: 0
[2026-07-08 13:30:24] Scheduler iniciado — actualización inmediata + chequeos cada hora 05:00–08:00
[2026-07-08 13:42:31] Scheduler iniciado — esperando hora de ejecución (05:00–08:00)
[2026-07-08 13:42:31] Thread scheduler iniciado
[2026-07-08 13:56:24] Scheduler iniciado — esperando hora de ejecución (05:00–08:00)
[2026-07-08 13:56:24] Thread scheduler iniciado
[2026-07-08 14:05:38] Scheduler iniciado — esperando hora de ejecución (05:00–08:00)
[2026-07-08 14:05:38] Thread scheduler iniciado
[2026-07-08 14:14:15] Scheduler iniciado — esperando hora de ejecución (05:00–08:00)
[2026-07-08 14:14:15] Thread scheduler iniciado
[2026-07-08 16:03:44] Scheduler iniciado — esperando hora de ejecución (05:00–08:00)
[2026-07-08 16:03:44] Thread scheduler iniciado
[2026-07-08 16:06:08] Scheduler iniciado — esperando hora de ejecución (05:00–08:00)
[2026-07-08 16:06:08] Thread scheduler iniciado
[2026-07-08 16:20:49] Scheduler iniciado — esperando hora de ejecución (05:00–08:00)
[2026-07-08 16:20:49] Thread scheduler iniciado
[2026-07-08 17:15:44] Scheduler iniciado — esperando hora de ejecución (05:00–08:00)
[2026-07-08 17:15:44] Thread scheduler iniciado
[2026-07-08 19:45:46] Scheduler iniciado — esperando hora de ejecución (05:00–08:00)
[2026-07-08 19:45:46] Thread scheduler iniciado
[2026-07-08 19:47:33] Scheduler iniciado — esperando hora de ejecución (05:00–08:00)
[2026-07-08 19:47:33] Thread scheduler iniciado
[2026-07-08 20:11:31] Scheduler iniciado — esperando hora de ejecución (05:00–08:00)
[2026-07-08 20:11:31] Thread scheduler iniciado
[2026-07-09 09:12:14] Scheduler iniciado — esperando hora de ejecución (05:00–08:00)
[2026-07-09 09:12:14] Thread scheduler iniciado
[2026-07-09 19:42:18] Thread scheduler iniciado
[2026-07-09 19:42:18] Scheduler iniciado — esperando hora de ejecución (05:00–08:00)
[2026-07-09 19:42:51] Scheduler iniciado — esperando hora de ejecución (05:00–08:00)
[2026-07-09 19:42:51] Thread scheduler iniciado
[2026-07-09 19:45:42] Scheduler iniciado — esperando hora de ejecución (05:00–08:00)
[2026-07-09 19:45:42] Thread scheduler iniciado
[2026-07-09 19:46:21] Scheduler iniciado — esperando hora de ejecución (05:00–08:00)
[2026-07-09 19:46:21] Thread scheduler iniciado
[2026-07-09 19:50:26] Scheduler iniciado — esperando hora de ejecución (05:00–08:00)
[2026-07-09 19:50:26] Thread scheduler iniciado
[2026-07-09 19:58:28] Scheduler iniciado — esperando hora de ejecución (05:00–08:00)
[2026-07-09 19:58:28] Thread scheduler iniciado
[2026-07-09 20:10:31] Scheduler iniciado — esperando hora de ejecución (05:00–08:00)
[2026-07-09 20:10:31] Thread scheduler iniciado
[2026-07-09 20:27:25] Scheduler iniciado — esperando hora de ejecución (05:00–08:00)
[2026-07-09 20:27:25] Thread scheduler iniciado
[2026-07-10 07:44:27] Scheduler iniciado — esperando hora de ejecución (05:00–08:00)
[2026-07-10 07:44:27] Thread scheduler iniciado
[2026-07-11 12:44:29] Scheduler iniciado — esperando hora de ejecución (05:00–08:00)
[2026-07-11 12:44:29] Thread scheduler iniciado
[2026-07-11 19:04:34] Scheduler iniciado — esperando hora de ejecución (05:00–08:00)
[2026-07-11 19:04:34] Thread scheduler iniciado
[2026-07-11 19:11:54] Scheduler iniciado — esperando hora de ejecución (05:00–08:00)
[2026-07-11 19:11:54] Thread scheduler iniciado
[2026-07-13 11:33:10] Scheduler iniciado — esperando hora de ejecución (05:00–08:00)
[2026-07-13 11:33:10] Thread scheduler iniciado
[2026-07-13 17:31:28] Scheduler iniciado — esperando hora de ejecución (05:00–08:00)
[2026-07-13 17:31:28] Thread scheduler iniciado
[2026-07-14 16:58:19] Thread scheduler iniciado
[2026-07-14 16:58:19] Scheduler iniciado — esperando hora de ejecución (05:00–08:00)
[2026-07-15 08:58:03] Scheduler iniciado — esperando hora de ejecución (05:00–08:00)
[2026-07-15 08:58:03] Thread scheduler iniciado
[2026-07-15 14:10:53] Scheduler iniciado — esperando hora de ejecución (05:00–08:00)
[2026-07-15 14:10:53] Thread scheduler iniciado
[2026-07-16 10:07:15] Scheduler iniciado — esperando hora de ejecución (05:00–08:00)
[2026-07-16 10:07:15] Thread scheduler iniciado
[2026-07-16 15:28:43] Scheduler iniciado — esperando hora de ejecución (05:00–08:00)
[2026-07-16 15:28:43] Thread scheduler iniciado
[2026-07-16 15:39:38] Scheduler iniciado — esperando hora de ejecución (05:00–08:00)
[2026-07-16 15:39:38] Thread scheduler iniciado
[2026-07-16 17:49:39] Scheduler iniciado — esperando hora de ejecución (05:00–08:00)
[2026-07-16 17:49:39] Thread scheduler iniciado
[2026-07-16 17:53:23] Scheduler iniciado — esperando hora de ejecución (05:00–08:00)
[2026-07-16 17:53:23] Thread scheduler iniciado
[2026-07-16 17:54:35] Scheduler iniciado — esperando hora de ejecución (05:00–08:00)
[2026-07-16 17:54:35] Thread scheduler iniciado
[2026-07-16 18:03:00] Scheduler iniciado — esperando hora de ejecución (05:00–08:00)
[2026-07-16 18:03:00] Thread scheduler iniciado
[2026-07-16 18:31:21] Scheduler iniciado — esperando hora de ejecución (05:00–08:00)
[2026-07-16 18:31:21] Thread scheduler iniciado
[2026-07-17 07:00:13] Ejecutando actualización programada — 7:00
[2026-07-17 07:00:13] === Auto-update iniciado ===
[2026-07-17 07:06:38]   Pick 3: 0 nuevos registros
[2026-07-17 07:14:22]   Pick 4: 0 nuevos registros
[2026-07-17 07:14:22]   Actualizando posible_salir...
[2026-07-17 07:14:33]     Pick 3 E: 30 numeros guardados
[2026-07-17 07:14:34]     Pick 3 M: 30 numeros guardados
[2026-07-17 07:14:44]     Pick 4 E: 30 numeros guardados
[2026-07-17 07:14:45]     Pick 4 M: 30 numeros guardados
[2026-07-17 07:14:45]   [OK] posible_salir actualizado
[2026-07-17 07:14:45]   Otros juegos: 0 actualizados
[2026-07-17 07:14:45] [OK] Auto-update completado. Total nuevos: 0
[2026-07-17 16:25:36] Scheduler iniciado — esperando hora de ejecución (05:00–08:00)
[2026-07-17 16:25:36] Thread scheduler iniciado
[2026-07-17 16:27:05] Scheduler iniciado — esperando hora de ejecución (05:00–08:00)
[2026-07-17 16:27:05] Thread scheduler iniciado
[2026-07-17 18:02:02] Scheduler iniciado — esperando hora de ejecución (05:00–08:00)
[2026-07-17 18:02:02] Thread scheduler iniciado
[2026-07-17 20:00:44] Scheduler iniciado — esperando hora de ejecución (05:00–08:00)
[2026-07-17 20:00:44] Thread scheduler iniciado
[2026-07-18 18:52:38] Scheduler iniciado — esperando hora de ejecución (05:00–08:00)
[2026-07-18 18:52:38] Thread scheduler iniciado
[2026-07-19 08:00:23] Ejecutando actualización programada — 8:00
[2026-07-19 08:00:23] === Auto-update iniciado ===
[2026-07-19 08:01:28]   Pick 3: 0 nuevos registros
[2026-07-19 08:02:00]   Pick 4: 0 nuevos registros
[2026-07-19 08:02:00]   Actualizando posible_salir...
[2026-07-19 08:02:00]     Pick 3 E: 30 numeros guardados
[2026-07-19 08:02:00]     Pick 3 M: 30 numeros guardados
[2026-07-19 08:02:00]     Pick 4 E: 30 numeros guardados
[2026-07-19 08:02:00]     Pick 4 M: 30 numeros guardados
[2026-07-19 08:02:00]   [OK] posible_salir actualizado
[2026-07-19 08:02:00]   Otros juegos: 0 actualizados
[2026-07-19 08:02:00] [OK] Auto-update completado. Total nuevos: 0
